anos treino=[2020, 2021, 2022] | partições=18
  ok ano=2020/CENTRO_OESTE.parquet: 6,161,938 (16s)
  ok ano=2020/MG_ES_RJ.parquet: 13,558,501 (35s)
  ok ano=2020/NORDESTE.parquet: 11,450,066 (51s)
  ok ano=2020/NORTE.parquet: 3,700,916 (57s)
  ok ano=2020/SP.parquet: 18,888,463 (84s)
  ok ano=2020/SUL.parquet: 12,161,310 (102s)
  ok ano=2021/CENTRO_OESTE.parquet: 6,453,763 (113s)
  ok ano=2021/MG_ES_RJ.parquet: 14,435,612 (134s)
  ok ano=2021/NORDESTE.parquet: 12,190,056 (155s)
  ok ano=2021/NORTE.parquet: 3,977,463 (162s)
  ok ano=2021/SP.parquet: 20,226,372 (194s)
  ok ano=2021/SUL.parquet: 13,238,715 (217s)
  ok ano=2022/CENTRO_OESTE.parquet: 7,461,833 (230s)
  ok ano=2022/MG_ES_RJ.parquet: 16,193,716 (259s)
  ok ano=2022/NORDESTE.parquet: 13,584,961 (284s)
  ok ano=2022/NORTE.parquet: 4,515,257 (293s)
  ok ano=2022/SP.parquet: 22,380,845 (333s)
  ok ano=2022/SUL.parquet: 14,349,520 (359s)
SALVO em /mnt/d/Projetos/Consignado/data/processed/rates_treino | exposição treino=214,929,307 (362s)
OK FIM
