Gerando agregações de lag do interim 2016-2023...
  agg_cbo: 2739 categorias x [np.int64(2016), np.int64(2017), np.int64(2018), np.int64(2019), np.int64(2020), np.int64(2021), np.int64(2022), np.int64(2023)] anos (21,032 linhas)
  agg_cbo4: 626 categorias x [np.int64(2016), np.int64(2017), np.int64(2018), np.int64(2019), np.int64(2020), np.int64(2021), np.int64(2022), np.int64(2023)] anos (4,959 linhas)
  agg_cbo2: 49 categorias x [np.int64(2016), np.int64(2017), np.int64(2018), np.int64(2019), np.int64(2020), np.int64(2021), np.int64(2022), np.int64(2023)] anos (390 linhas)
  agg_cbo1: 10 categorias x [np.int64(2016), np.int64(2017), np.int64(2018), np.int64(2019), np.int64(2020), np.int64(2021), np.int64(2022), np.int64(2023)] anos (80 linhas)
  agg_cnae: 1355 categorias x [np.int64(2016), np.int64(2017), np.int64(2018), np.int64(2019), np.int64(2020), np.int64(2021), np.int64(2022), np.int64(2023)] anos (10,645 linhas)
  agg_cnae5: 672 categorias x [np.int64(2016), np.int64(2017), np.int64(2018), np.int64(2019), np.int64(2020), np.int64(2021), np.int64(2022), np.int64(2023)] anos (5,364 linhas)
  agg_cnae3: 284 categorias x [np.int64(2016), np.int64(2017), np.int64(2018), np.int64(2019), np.int64(2020), np.int64(2021), np.int64(2022), np.int64(2023)] anos (2,261 linhas)
  agg_cnae2: 87 categorias x [np.int64(2016), np.int64(2017), np.int64(2018), np.int64(2019), np.int64(2020), np.int64(2021), np.int64(2022), np.int64(2023)] anos (696 linhas)
  agg_uf: 28 categorias x [np.int64(2016), np.int64(2017), np.int64(2018), np.int64(2019), np.int64(2020), np.int64(2021), np.int64(2022), np.int64(2023)] anos (217 linhas)
  agg_escolaridade: 7 categorias x [np.int64(2016), np.int64(2017), np.int64(2018), np.int64(2019), np.int64(2020), np.int64(2021), np.int64(2022), np.int64(2023)] anos (49 linhas)
  agg_tamanho_estab: 10 categorias x [np.int64(2016), np.int64(2017), np.int64(2018), np.int64(2019), np.int64(2020), np.int64(2021), np.int64(2022), np.int64(2023)] anos (80 linhas)
  agg_tipo_vinculo: 20 categorias x [np.int64(2016), np.int64(2017), np.int64(2018), np.int64(2019), np.int64(2020), np.int64(2021), np.int64(2022), np.int64(2023)] anos (153 linhas)
  agg_faixa_remuneracao: 23 categorias x [np.int64(2016), np.int64(2017), np.int64(2018), np.int64(2019), np.int64(2020), np.int64(2021), np.int64(2022), np.int64(2023)] anos (104 linhas)
  agg_natureza_juridica: 94 categorias x [np.int64(2016), np.int64(2017), np.int64(2018), np.int64(2019), np.int64(2020), np.int64(2021), np.int64(2022), np.int64(2023)] anos (666 linhas)
  agg_natureza_setor: 6 categorias x [np.int64(2016), np.int64(2017), np.int64(2018), np.int64(2019), np.int64(2020), np.int64(2021), np.int64(2022), np.int64(2023)] anos (42 linhas)
  agg_intermitente: 3 categorias x [np.int64(2016), np.int64(2017), np.int64(2018), np.int64(2019), np.int64(2020), np.int64(2021), np.int64(2022), np.int64(2023)] anos (15 linhas)
  agg_simples: 2 categorias x [np.int64(2016), np.int64(2017), np.int64(2018), np.int64(2019), np.int64(2020), np.int64(2021), np.int64(2022), np.int64(2023)] anos (16 linhas)
  agg_faixa_horas: 17 categorias x [np.int64(2016), np.int64(2017), np.int64(2018), np.int64(2019), np.int64(2020), np.int64(2021), np.int64(2022), np.int64(2023)] anos (57 linhas)
  agg_causa_afastamento: 12 categorias x [np.int64(2016), np.int64(2017), np.int64(2018), np.int64(2019), np.int64(2020), np.int64(2021), np.int64(2022), np.int64(2023)] anos (75 linhas)
OK em /mnt/d/Projetos/Consignado/data/processed/lags
