2016/AC2016: extraindo...
2016/AC2016: 175,733 (3s)
2016/AL2016: extraindo...
2016/AL2016: 663,297 (13s)
2016/AM2016: extraindo...
2016/AM2016: 810,272 (26s)
2016/AP2016: extraindo...
2016/AP2016: 167,936 (28s)
2016/BA2016: extraindo...
2016/BA2016: 3,100,695 (77s)
2016/CE2016: extraindo...
2016/CE2016: 2,099,010 (110s)
2016/DF2016: extraindo...
2016/DF2016: 1,674,348 (136s)
2016/ES2016: extraindo...
2016/ES2016: 1,322,034 (157s)
2016/GO2016: extraindo...
2016/GO2016: 2,195,529 (191s)
2016/MA2016: extraindo...
2016/MA2016: 945,011 (205s)
2016/MG2016: extraindo...
2016/MG2016: 7,025,561 (315s)
2016/MS2016: extraindo...
2016/MS2016: 997,933 (331s)
2016/MT2016: extraindo...
2016/MT2016: 1,292,108 (352s)
2016/PA2016: extraindo...
2016/PA2016: 1,491,879 (375s)
2016/PB2016: extraindo...
2016/PB2016: 831,623 (389s)
2016/PE2016: extraindo...
2016/PE2016: 2,209,496 (422s)
2016/PI2016: extraindo...
2016/PI2016: 586,489 (431s)
2016/PR2016: extraindo...
2016/PR2016: 4,470,468 (501s)
2016/RJ2016: extraindo...
2016/RJ2016: 6,059,756 (595s)
2016/RN2016: extraindo...
2016/RN2016: 815,252 (608s)
2016/RO2016: extraindo...
2016/RO2016: 490,591 (615s)
2016/RR2016: extraindo...
2016/RR2016: 128,364 (617s)
2016/RS2016: extraindo...
2016/RS2016: 4,233,675 (686s)
2016/SC2016: extraindo...
2016/SC2016: 3,327,197 (739s)
2016/SE2016: extraindo...
2016/SE2016: 523,722 (748s)
2016/SP2016: extraindo...
2016/SP2016: 19,120,516 (1060s)
2016/TO2016: extraindo...
2016/TO2016: 386,103 (1067s)
2017/AC2017: extraindo...
2017/AC2017: 177,358 (1070s)
2017/AL2017: extraindo...
2017/AL2017: 650,052 (1079s)
2017/AM2017: extraindo...
2017/AM2017: 797,800 (1092s)
2017/AP2017: extraindo...
2017/AP2017: 166,058 (1094s)
2017/BA2017: extraindo...
2017/BA2017: 3,027,569 (1140s)
2017/CE2017: extraindo...
2017/CE2017: 2,045,503 (1171s)
2017/DF2017: extraindo...
2017/DF2017: 1,618,607 (1195s)
2017/ES2017: extraindo...
2017/ES2017: 1,276,867 (1215s)
2017/GO2017: extraindo...
2017/GO2017: 2,220,488 (1248s)
2017/MA2017: extraindo...
2017/MA2017: 929,404 (1262s)
2017/MG2017: extraindo...
2017/MG2017: 6,945,362 (1371s)
2017/MS2017: extraindo...
2017/MS2017: 1,001,673 (1386s)
2017/MT2017: extraindo...
2017/MT2017: 1,297,903 (1407s)
2017/PA2017: extraindo...
2017/PA2017: 1,485,555 (1430s)
2017/PB2017: extraindo...
2017/PB2017: 822,624 (1442s)
2017/PE2017: extraindo...
2017/PE2017: 2,161,116 (1476s)
2017/PI2017: extraindo...
2017/PI2017: 580,445 (1485s)
2017/PR2017: extraindo...
2017/PR2017: 4,381,887 (1554s)
2017/RJ2017: extraindo...
2017/RJ2017: 5,568,942 (1641s)
2017/RN2017: extraindo...
2017/RN2017: 796,016 (1653s)
2017/RO2017: extraindo...
2017/RO2017: 481,477 (1661s)
2017/RR2017: extraindo...
2017/RR2017: 130,449 (1663s)
2017/RS2017: extraindo...
2017/RS2017: 4,160,017 (1729s)
2017/SC2017: extraindo...
2017/SC2017: 3,345,451 (1782s)
2017/SE2017: extraindo...
2017/SE2017: 512,116 (1791s)
2017/SP2017: extraindo...
2017/SP2017: 18,669,385 (2100s)
2017/TO2017: extraindo...
2017/TO2017: 405,758 (2106s)
2018/CENTRO_OESTE: extraindo...
2018/CENTRO_OESTE: 6,137,466 (2205s)
2018/MG_ES_RJ: extraindo...
2018/MG_ES_RJ: 13,809,769 (2439s)
2018/NORDESTE: extraindo...
2018/NORDESTE: 11,577,913 (2629s)
2018/NORTE: extraindo...
2018/NORTE: 3,682,332 (2686s)
2018/SP: extraindo...
2018/SP: 18,942,186 (3006s)
2018/SUL: extraindo...
2018/SUL: 12,065,026 (3209s)
2019/CENTRO_OESTE: extraindo...
2019/CENTRO_OESTE: 6,086,200 (3306s)
2019/MG_ES_RJ: extraindo...
2019/MG_ES_RJ: 13,896,835 (3535s)
2019/NORDESTE: extraindo...
2019/NORDESTE: 11,524,044 (3723s)
2019/NORTE: extraindo...
2019/NORTE: 3,669,279 (3780s)
2019/SP: extraindo...
2019/SP: 19,207,029 (4097s)
2019/SUL: extraindo...
2019/SUL: 12,284,030 (4298s)
OK todas as partições
