2020/CENTRO_OESTE: extraindo...
2020/CENTRO_OESTE: 6,161,938 (96s)
2020/MG_ES_RJ: extraindo...
2020/MG_ES_RJ: 13,558,501 (320s)
2020/NORDESTE: extraindo...
2020/NORDESTE: 11,450,066 (512s)
2020/NORTE: extraindo...
2020/NORTE: 3,700,916 (594s)
2020/SP: extraindo...
2020/SP: 18,888,463 (916s)
2020/SUL: extraindo...
2020/SUL: 12,161,310 (1119s)
2021/CENTRO_OESTE: extraindo...
2021/CENTRO_OESTE: 6,453,763 (1223s)
2021/MG_ES_RJ: extraindo...
2021/MG_ES_RJ: 14,435,612 (1469s)
2021/NORDESTE: extraindo...
2021/NORDESTE: 12,190,056 (1672s)
2021/NORTE: extraindo...
2021/NORTE: 3,977,463 (1735s)
2021/SP: extraindo...
2021/SP: 20,226,372 (2103s)
2021/SUL: extraindo...
2021/SUL: 13,238,715 (2334s)
2022/CENTRO_OESTE: extraindo...
2022/CENTRO_OESTE: 7,461,833 (2469s)
2022/MG_ES_RJ: extraindo...
2022/MG_ES_RJ: 16,193,716 (2745s)
2022/NORDESTE: extraindo...
2022/NORDESTE: 13,584,961 (2971s)
2022/NORTE: extraindo...
2022/NORTE: 4,515,257 (3044s)
2022/SP: extraindo...
2022/SP: 22,380,845 (3433s)
2022/SUL: extraindo...
2022/SUL: 14,349,520 (3678s)
2023/CENTRO_OESTE: extraindo...
2023/CENTRO_OESTE: 8,247,439 (3772s)
2023/MG_ES_RJ: extraindo...
2023/MG_ES_RJ: 17,158,837 (3972s)
2023/NORDESTE: extraindo...
2023/NORDESTE: 14,577,485 (4141s)
2023/NORTE: extraindo...
2023/NORTE: 4,933,681 (4197s)
2023/SP: extraindo...
2023/SP: 23,182,670 (4471s)
2023/SUL: extraindo...
2023/SUL: 14,864,010 (4646s)
OK todas as partições
