  [ 1/50] 2020_trimestre_01 FGTS               devedores no trim: 241,098 | total único:   241,098
  [ 2/50] 2020_trimestre_01 Previdenciario     devedores no trim: 1,248,106 | total único: 1,369,671
  [ 3/50] 2020_trimestre_02 FGTS               devedores no trim: 240,731 | total único: 1,370,123
  [ 4/50] 2020_trimestre_02 Previdenciario     devedores no trim: 1,186,719 | total único: 1,425,691
  [ 5/50] 2020_trimestre_03 FGTS               devedores no trim: 240,731 | total único: 1,425,691
  [ 6/50] 2020_trimestre_03 Previdenciario     devedores no trim: 1,186,719 | total único: 1,425,691
  [ 7/50] 2020_trimestre_04 FGTS               devedores no trim: 239,741 | total único: 1,425,802
  [ 8/50] 2020_trimestre_04 Previdenciario     devedores no trim: 1,169,636 | total único: 1,440,659
  [ 9/50] 2021_trimestre_01 FGTS               devedores no trim: 238,244 | total único: 1,441,183
  [10/50] 2021_trimestre_01 Previdenciario     devedores no trim: 1,236,915 | total único: 1,543,510
  [11/50] 2021_trimestre_02 FGTS               devedores no trim: 238,916 | total único: 1,544,224
  [12/50] 2021_trimestre_02 Previdenciario     devedores no trim: 1,290,776 | total único: 1,606,426
  [13/50] 2021_trimestre_03 FGTS               devedores no trim: 223,715 | total único: 1,607,188
  [14/50] 2021_trimestre_03 Previdenciario     devedores no trim: 1,324,465 | total único: 1,655,889
  [15/50] 2021_trimestre_04 FGTS               devedores no trim: 222,102 | total único: 1,655,942
  [16/50] 2021_trimestre_04 Previdenciario     devedores no trim: 1,332,161 | total único: 1,702,259
  [17/50] 2022_trimestre_01 FGTS               devedores no trim: 223,385 | total único: 1,702,780
  [18/50] 2022_trimestre_01 Previdenciario     devedores no trim: 1,356,782 | total único: 1,750,980
  [19/50] 2022_trimestre_02 FGTS               devedores no trim: 218,887 | total único: 1,751,693
  [20/50] 2022_trimestre_02 Previdenciario     devedores no trim: 1,380,312 | total único: 1,793,486
  [21/50] 2022_trimestre_03 FGTS               devedores no trim: 224,739 | total único: 1,794,700
  [22/50] 2022_trimestre_03 Previdenciario     devedores no trim: 1,375,871 | total único: 1,814,499
  [23/50] 2022_trimestre_04 FGTS               devedores no trim: 227,213 | total único: 1,815,172
  [24/50] 2022_trimestre_04 Previdenciario     devedores no trim: 1,368,724 | total único: 1,832,938
  [25/50] 2023_trimestre_01 FGTS               devedores no trim: 215,083 | total único: 1,833,618
  [26/50] 2023_trimestre_01 Previdenciario     devedores no trim: 1,357,535 | total único: 1,850,611
  [27/50] 2023_trimestre_02 FGTS               devedores no trim: 214,209 | total único: 1,850,804
  [28/50] 2023_trimestre_02 Previdenciario     devedores no trim: 1,318,526 | total único: 1,880,858
  [29/50] 2023_trimestre_03 FGTS               devedores no trim: 210,321 | total único: 1,881,046
  [30/50] 2023_trimestre_03 Previdenciario     devedores no trim: 1,257,239 | total único: 1,898,020
  [31/50] 2023_trimestre_04 FGTS               devedores no trim: 212,497 | total único: 1,898,712
  [32/50] 2023_trimestre_04 Previdenciario     devedores no trim: 1,244,205 | total único: 1,919,483
  [33/50] 2024_trimestre_01 FGTS               devedores no trim: 218,792 | total único: 1,920,409
  [34/50] 2024_trimestre_01 Previdenciario     devedores no trim: 1,236,592 | total único: 1,940,025
  [35/50] 2024_trimestre_02 FGTS               devedores no trim: 240,962 | total único: 1,940,854
  [36/50] 2024_trimestre_02 Previdenciario     devedores no trim: 1,152,556 | total único: 1,955,847
  [37/50] 2024_trimestre_03 FGTS               devedores no trim: 243,056 | total único: 1,956,528
  [38/50] 2024_trimestre_03 Previdenciario     devedores no trim: 1,133,523 | total único: 1,967,943
  [39/50] 2024_trimestre_04 FGTS               devedores no trim: 242,021 | total único: 1,968,085
  [40/50] 2024_trimestre_04 Previdenciario     devedores no trim: 1,083,252 | total único: 1,971,816
  [41/50] 2025_trimestre_01 FGTS               devedores no trim: 244,820 | total único: 1,972,459
  [42/50] 2025_trimestre_01 Previdenciario     devedores no trim: 1,027,128 | total único: 1,981,979
  [43/50] 2025_trimestre_02 FGTS               devedores no trim: 250,361 | total único: 1,983,019
  [44/50] 2025_trimestre_02 Previdenciario     devedores no trim: 991,576 | total único: 1,992,710
  [45/50] 2025_trimestre_03 FGTS               devedores no trim: 283,992 | total único: 2,003,239
  [46/50] 2025_trimestre_03 Previdenciario     devedores no trim: 976,090 | total único: 2,011,079
  [47/50] 2025_trimestre_04 FGTS               devedores no trim: 287,473 | total único: 2,012,101
  [48/50] 2025_trimestre_04 Previdenciario     devedores no trim: 943,157 | total único: 2,019,105
  [49/50] 2026_trimestre_01 FGTS               devedores no trim: 299,831 | total único: 2,023,117
  [50/50] 2026_trimestre_01 Previdenciario     devedores no trim: 909,415 | total único: 2,025,843

=== RESUMO (738s) ===
Empresas únicas (PJ)      : 2,025,843
  com previdenciário      : 1,883,666
  com FGTS                : 359,406
  com ambas               : 217,229
  com dívida EXIGÍVEL      : 1,594,986  (em cobrança no último trim.)
  só parcelada/garant/susp: 430,857
Arquivo: outputs/tables/pgfn_empresas_devedoras.csv  (285.7 MB)
